<?xml version="1.0" encoding="UTF-8"?>
<testsuite xmlns:xsi="http://www.w3.org/2001/XMLSchema-instance" xsi:noNamespaceSchemaLocation="https://maven.apache.org/surefire/maven-surefire-plugin/xsd/surefire-test-report-3.0.xsd" version="3.0" name="com.smanioto.bank.auth.controller.AuthControllerTest" time="13.559" tests="3" errors="0" skipped="0" failures="0">
  <properties>
[...]
</properties>
  <testcase name="shouldRegisterAndLoginSuccessfully" classname="com.smanioto.bank.auth.controller.AuthControllerTest" time="2.203">
    <system-out><![CDATA[21:25:33.046 [main] INFO org.springframework.test.context.support.AnnotationConfigContextLoaderUtils -- Could not detect default configuration classes for test class [com.smanioto.bank.auth.controller.AuthControllerTest]: AuthControllerTest does not declare any static, non-private, non-final, nested classes annotated with @Configuration.
21:25:33.300 [main] INFO org.springframework.boot.test.context.SpringBootTestContextBootstrapper -- Found @SpringBootConfiguration com.smanioto.bank.auth.AuthServiceApplication for test class com.smanioto.bank.auth.controller.AuthControllerTest
  .   ____          _            __ _ _
 /\\ / ___'_ __ _ _(_)_ __  __ _ \ \ \ \
( ( )\___ | '_ | '_| | '_ \/ _` | \ \ \ \
 \\/  ___)| |_)| | | | | || (_| |  ) ) ) )
  '  |____| .__|_| |_|_| |_\__, | / / / /
 =========|_|==============|___/=/_/_/_/

 :: Spring Boot ::                (v3.3.0)

2026-06-02T21:25:34.208-03:00  INFO 7979 --- [           main] c.s.b.a.controller.AuthControllerTest    : Starting AuthControllerTest using Java 25.0.1 with PID 7979 (started by danielsmanioto in /Users/danielsmanioto/Documents/projects/projets_senior/smanioto-bank/services/auth-service)
2026-06-02T21:25:34.210-03:00  INFO 7979 --- [           main] c.s.b.a.controller.AuthControllerTest    : No active profile set, falling back to 1 default profile: "default"
2026-06-02T21:25:35.885-03:00  INFO 7979 --- [           main] .s.d.r.c.RepositoryConfigurationDelegate : Bootstrapping Spring Data JPA repositories in DEFAULT mode.
2026-06-02T21:25:35.968-03:00  INFO 7979 --- [           main] .s.d.r.c.RepositoryConfigurationDelegate : Finished Spring Data repository scanning in 75 ms. Found 1 JPA repository interface.
2026-06-02T21:25:36.792-03:00  INFO 7979 --- [           main] com.zaxxer.hikari.HikariDataSource       : HikariPool-1 - Starting...
2026-06-02T21:25:36.997-03:00  INFO 7979 --- [           main] com.zaxxer.hikari.pool.HikariPool        : HikariPool-1 - Added connection conn0: url=jdbc:h2:mem:74da38bc-5323-40ff-b7f4-df37bd9e9f54 user=SA
2026-06-02T21:25:36.999-03:00  INFO 7979 --- [           main] com.zaxxer.hikari.HikariDataSource       : HikariPool-1 - Start completed.
2026-06-02T21:25:37.403-03:00  INFO 7979 --- [           main] o.hibernate.jpa.internal.util.LogHelper  : HHH000204: Processing PersistenceUnitInfo [name: default]
2026-06-02T21:25:37.465-03:00  INFO 7979 --- [           main] org.hibernate.Version                    : HHH000412: Hibernate ORM core version 6.5.2.Final
2026-06-02T21:25:37.504-03:00  INFO 7979 --- [           main] o.h.c.internal.RegionFactoryInitiator    : HHH000026: Second-level cache disabled
2026-06-02T21:25:37.882-03:00  INFO 7979 --- [           main] o.s.o.j.p.SpringPersistenceUnitInfo      : No LoadTimeWeaver setup: ignoring JPA class transformer
2026-06-02T21:25:38.733-03:00  INFO 7979 --- [           main] o.h.e.t.j.p.i.JtaPlatformInitiator       : HHH000489: No JTA platform available (set 'hibernate.transaction.jta.platform' to enable JTA platform integration)
2026-06-02T21:25:38.769-03:00  INFO 7979 --- [           main] j.LocalContainerEntityManagerFactoryBean : Initialized JPA EntityManagerFactory for persistence unit 'default'
2026-06-02T21:25:39.555-03:00  INFO 7979 --- [           main] eAuthenticationProviderManagerConfigurer : Global AuthenticationManager configured with AuthenticationProvider bean with name authenticationProvider
2026-06-02T21:25:39.559-03:00  WARN 7979 --- [           main] r$InitializeUserDetailsManagerConfigurer : Global AuthenticationManager configured with an AuthenticationProvider bean. UserDetailsService beans will not be used for username/password login. Consider removing the AuthenticationProvider bean. Alternatively, consider using the UserDetailsService in a manually instantiated DaoAuthenticationProvider.
2026-06-02T21:25:39.838-03:00  WARN 7979 --- [           main] JpaBaseConfiguration$JpaWebConfiguration : spring.jpa.open-in-view is enabled by default. Therefore, database queries may be performed during view rendering. Explicitly configure spring.jpa.open-in-view to disable this warning
2026-06-02T21:25:40.312-03:00  INFO 7979 --- [           main] o.s.s.web.DefaultSecurityFilterChain     : Will secure any request with [org.springframework.security.web.session.DisableEncodeUrlFilter@733e3c19, org.springframework.security.web.context.request.async.WebAsyncManagerIntegrationFilter@5418893c, org.springframework.security.web.context.SecurityContextHolderFilter@5c30decf, org.springframework.security.web.header.HeaderWriterFilter@689ea211, org.springframework.web.filter.CorsFilter@22ba30b0, org.springframework.security.web.csrf.CsrfFilter@5e085259, org.springframework.security.web.authentication.logout.LogoutFilter@2003edf, com.smanioto.bank.auth.security.JwtAuthenticationFilter@3c34c491, org.springframework.security.web.savedrequest.RequestCacheAwareFilter@4a0f4282, org.springframework.security.web.servletapi.SecurityContextHolderAwareRequestFilter@66df362c, org.springframework.security.web.authentication.AnonymousAuthenticationFilter@22bca04e, org.springframework.security.web.session.SessionManagementFilter@5aefdb9e, org.springframework.security.web.access.ExceptionTranslationFilter@4ac0fdc7, org.springframework.security.web.access.intercept.AuthorizationFilter@34d26a68]
2026-06-02T21:25:40.833-03:00  INFO 7979 --- [           main] o.s.b.t.m.w.SpringBootMockServletContext : Initializing Spring TestDispatcherServlet ''
2026-06-02T21:25:40.835-03:00  INFO 7979 --- [           main] o.s.t.web.servlet.TestDispatcherServlet  : Initializing Servlet ''
2026-06-02T21:25:40.840-03:00  INFO 7979 --- [           main] o.s.t.web.servlet.TestDispatcherServlet  : Completed initialization in 4 ms
2026-06-02T21:25:40.886-03:00  INFO 7979 --- [           main] c.s.b.a.controller.AuthControllerTest    : Started AuthControllerTest in 7.177 seconds (process running for 9.22)
2026-06-02T21:25:43.090-03:00  INFO 7979 --- [           main] j.LocalContainerEntityManagerFactoryBean : Closing JPA EntityManagerFactory for persistence unit 'default'
2026-06-02T21:25:43.103-03:00  INFO 7979 --- [           main] com.zaxxer.hikari.HikariDataSource       : HikariPool-1 - Shutdown initiated...
2026-06-02T21:25:43.110-03:00  INFO 7979 --- [           main] com.zaxxer.hikari.HikariDataSource       : HikariPool-1 - Shutdown completed.
]]></system-out>
    <system-err><![CDATA[WARNING: A Java agent has been loaded dynamically (/Users/danielsmanioto/.m2/repository/net/bytebuddy/byte-buddy-agent/1.14.16/byte-buddy-agent-1.14.16.jar)
WARNING: If a serviceability tool is in use, please run with -XX:+EnableDynamicAgentLoading to hide this warning
WARNING: If a serviceability tool is not in use, please run with -Djdk.instrument.traceUsage for more information
WARNING: Dynamic loading of agents will be disallowed by default in a future release
]]></system-err>
  </testcase>
  <testcase name="shouldRejectInvalidCredentials" classname="com.smanioto.bank.auth.controller.AuthControllerTest" time="0.35">
    <system-out><![CDATA[  .   ____          _            __ _ _
 /\\ / ___'_ __ _ _(_)_ __  __ _ \ \ \ \
( ( )\___ | '_ | '_| | '_ \/ _` | \ \ \ \
 \\/  ___)| |_)| | | | | || (_| |  ) ) ) )
  '  |____| .__|_| |_|_| |_\__, | / / / /
 =========|_|==============|___/=/_/_/_/

 :: Spring Boot ::                (v3.3.0)

2026-06-02T21:25:43.305-03:00  INFO 7979 --- [           main] c.s.b.a.controller.AuthControllerTest    : Starting AuthControllerTest using Java 25.0.1 with PID 7979 (started by danielsmanioto in /Users/danielsmanioto/Documents/projects/projets_senior/smanioto-bank/services/auth-service)
2026-06-02T21:25:43.306-03:00  INFO 7979 --- [           main] c.s.b.a.controller.AuthControllerTest    : No active profile set, falling back to 1 default profile: "default"
2026-06-02T21:25:43.729-03:00  INFO 7979 --- [           main] .s.d.r.c.RepositoryConfigurationDelegate : Bootstrapping Spring Data JPA repositories in DEFAULT mode.
2026-06-02T21:25:43.751-03:00  INFO 7979 --- [           main] .s.d.r.c.RepositoryConfigurationDelegate : Finished Spring Data repository scanning in 20 ms. Found 1 JPA repository interface.
2026-06-02T21:25:43.962-03:00  INFO 7979 --- [           main] com.zaxxer.hikari.HikariDataSource       : HikariPool-2 - Starting...
2026-06-02T21:25:43.970-03:00  INFO 7979 --- [           main] com.zaxxer.hikari.pool.HikariPool        : HikariPool-2 - Added connection conn10: url=jdbc:h2:mem:1345587c-6eb6-4f65-9c2f-5a52d34bfade user=SA
2026-06-02T21:25:43.971-03:00  INFO 7979 --- [           main] com.zaxxer.hikari.HikariDataSource       : HikariPool-2 - Start completed.
2026-06-02T21:25:43.972-03:00  INFO 7979 --- [           main] o.hibernate.jpa.internal.util.LogHelper  : HHH000204: Processing PersistenceUnitInfo [name: default]
2026-06-02T21:25:43.978-03:00  INFO 7979 --- [           main] o.h.c.internal.RegionFactoryInitiator    : HHH000026: Second-level cache disabled
2026-06-02T21:25:44.008-03:00  INFO 7979 --- [           main] o.s.o.j.p.SpringPersistenceUnitInfo      : No LoadTimeWeaver setup: ignoring JPA class transformer
2026-06-02T21:25:44.110-03:00  INFO 7979 --- [           main] o.h.e.t.j.p.i.JtaPlatformInitiator       : HHH000489: No JTA platform available (set 'hibernate.transaction.jta.platform' to enable JTA platform integration)
2026-06-02T21:25:44.113-03:00  INFO 7979 --- [           main] j.LocalContainerEntityManagerFactoryBean : Initialized JPA EntityManagerFactory for persistence unit 'default'
2026-06-02T21:25:44.210-03:00  INFO 7979 --- [           main] eAuthenticationProviderManagerConfigurer : Global AuthenticationManager configured with AuthenticationProvider bean with name authenticationProvider
2026-06-02T21:25:44.210-03:00  WARN 7979 --- [           main] r$InitializeUserDetailsManagerConfigurer : Global AuthenticationManager configured with an AuthenticationProvider bean. UserDetailsService beans will not be used for username/password login. Consider removing the AuthenticationProvider bean. Alternatively, consider using the UserDetailsService in a manually instantiated DaoAuthenticationProvider.
2026-06-02T21:25:44.232-03:00  WARN 7979 --- [           main] JpaBaseConfiguration$JpaWebConfiguration : spring.jpa.open-in-view is enabled by default. Therefore, database queries may be performed during view rendering. Explicitly configure spring.jpa.open-in-view to disable this warning
2026-06-02T21:25:44.352-03:00  INFO 7979 --- [           main] o.s.s.web.DefaultSecurityFilterChain     : Will secure any request with [org.springframework.security.web.session.DisableEncodeUrlFilter@2b5a659f, org.springframework.security.web.context.request.async.WebAsyncManagerIntegrationFilter@43bda665, org.springframework.security.web.context.SecurityContextHolderFilter@14d294f4, org.springframework.security.web.header.HeaderWriterFilter@2162b22d, org.springframework.web.filter.CorsFilter@1540b926, org.springframework.security.web.csrf.CsrfFilter@204bd52d, org.springframework.security.web.authentication.logout.LogoutFilter@64c189d8, com.smanioto.bank.auth.security.JwtAuthenticationFilter@618b147b, org.springframework.security.web.savedrequest.RequestCacheAwareFilter@4c902a72, org.springframework.security.web.servletapi.SecurityContextHolderAwareRequestFilter@78571a17, org.springframework.security.web.authentication.AnonymousAuthenticationFilter@3a07afe6, org.springframework.security.web.session.SessionManagementFilter@6a4ec62d, org.springframework.security.web.access.ExceptionTranslationFilter@72bf63a, org.springframework.security.web.access.intercept.AuthorizationFilter@6988dc14]
2026-06-02T21:25:44.469-03:00  INFO 7979 --- [           main] o.s.b.t.m.w.SpringBootMockServletContext : Initializing Spring TestDispatcherServlet ''
2026-06-02T21:25:44.469-03:00  INFO 7979 --- [           main] o.s.t.web.servlet.TestDispatcherServlet  : Initializing Servlet ''
2026-06-02T21:25:44.470-03:00  INFO 7979 --- [           main] o.s.t.web.servlet.TestDispatcherServlet  : Completed initialization in 1 ms
2026-06-02T21:25:44.485-03:00  INFO 7979 --- [           main] c.s.b.a.controller.AuthControllerTest    : Started AuthControllerTest in 1.324 seconds (process running for 12.819)
2026-06-02T21:25:44.833-03:00  INFO 7979 --- [           main] j.LocalContainerEntityManagerFactoryBean : Closing JPA EntityManagerFactory for persistence unit 'default'
2026-06-02T21:25:44.839-03:00  INFO 7979 --- [           main] com.zaxxer.hikari.HikariDataSource       : HikariPool-2 - Shutdown initiated...
2026-06-02T21:25:44.840-03:00  INFO 7979 --- [           main] com.zaxxer.hikari.HikariDataSource       : HikariPool-2 - Shutdown completed.
]]></system-out>
  </testcase>
  <testcase name="shouldBlockProtectedRouteWithoutToken" classname="com.smanioto.bank.auth.controller.AuthControllerTest" time="0.056">
    <system-out><![CDATA[  .   ____          _            __ _ _
 /\\ / ___'_ __ _ _(_)_ __  __ _ \ \ \ \
( ( )\___ | '_ | '_| | '_ \/ _` | \ \ \ \
 \\/  ___)| |_)| | | | | || (_| |  ) ) ) )
  '  |____| .__|_| |_|_| |_\__, | / / / /
 =========|_|==============|___/=/_/_/_/

 :: Spring Boot ::                (v3.3.0)

2026-06-02T21:25:44.879-03:00  INFO 7979 --- [           main] c.s.b.a.controller.AuthControllerTest    : Starting AuthControllerTest using Java 25.0.1 with PID 7979 (started by danielsmanioto in /Users/danielsmanioto/Documents/projects/projets_senior/smanioto-bank/services/auth-service)
2026-06-02T21:25:44.879-03:00  INFO 7979 --- [           main] c.s.b.a.controller.AuthControllerTest    : No active profile set, falling back to 1 default profile: "default"
2026-06-02T21:25:45.117-03:00  INFO 7979 --- [           main] .s.d.r.c.RepositoryConfigurationDelegate : Bootstrapping Spring Data JPA repositories in DEFAULT mode.
2026-06-02T21:25:45.128-03:00  INFO 7979 --- [           main] .s.d.r.c.RepositoryConfigurationDelegate : Finished Spring Data repository scanning in 11 ms. Found 1 JPA repository interface.
2026-06-02T21:25:45.640-03:00  INFO 7979 --- [           main] com.zaxxer.hikari.HikariDataSource       : HikariPool-3 - Starting...
2026-06-02T21:25:45.681-03:00  INFO 7979 --- [           main] com.zaxxer.hikari.pool.HikariPool        : HikariPool-3 - Added connection conn20: url=jdbc:h2:mem:f2769192-e1c0-4ce2-83c2-9f5add8451cf user=SA
2026-06-02T21:25:45.684-03:00  INFO 7979 --- [           main] com.zaxxer.hikari.HikariDataSource       : HikariPool-3 - Start completed.
2026-06-02T21:25:45.699-03:00  INFO 7979 --- [           main] o.hibernate.jpa.internal.util.LogHelper  : HHH000204: Processing PersistenceUnitInfo [name: default]
2026-06-02T21:25:45.708-03:00  INFO 7979 --- [           main] o.h.c.internal.RegionFactoryInitiator    : HHH000026: Second-level cache disabled
2026-06-02T21:25:45.766-03:00  INFO 7979 --- [           main] o.s.o.j.p.SpringPersistenceUnitInfo      : No LoadTimeWeaver setup: ignoring JPA class transformer
2026-06-02T21:25:45.898-03:00  INFO 7979 --- [           main] o.h.e.t.j.p.i.JtaPlatformInitiator       : HHH000489: No JTA platform available (set 'hibernate.transaction.jta.platform' to enable JTA platform integration)
2026-06-02T21:25:45.904-03:00  INFO 7979 --- [           main] j.LocalContainerEntityManagerFactoryBean : Initialized JPA EntityManagerFactory for persistence unit 'default'
2026-06-02T21:25:46.014-03:00  INFO 7979 --- [           main] eAuthenticationProviderManagerConfigurer : Global AuthenticationManager configured with AuthenticationProvider bean with name authenticationProvider
2026-06-02T21:25:46.016-03:00  WARN 7979 --- [           main] r$InitializeUserDetailsManagerConfigurer : Global AuthenticationManager configured with an AuthenticationProvider bean. UserDetailsService beans will not be used for username/password login. Consider removing the AuthenticationProvider bean. Alternatively, consider using the UserDetailsService in a manually instantiated DaoAuthenticationProvider.
2026-06-02T21:25:46.041-03:00  WARN 7979 --- [           main] JpaBaseConfiguration$JpaWebConfiguration : spring.jpa.open-in-view is enabled by default. Therefore, database queries may be performed during view rendering. Explicitly configure spring.jpa.open-in-view to disable this warning
2026-06-02T21:25:46.136-03:00  INFO 7979 --- [           main] o.s.s.web.DefaultSecurityFilterChain     : Will secure any request with [org.springframework.security.web.session.DisableEncodeUrlFilter@7f6cf9b2, org.springframework.security.web.context.request.async.WebAsyncManagerIntegrationFilter@7d5caf3, org.springframework.security.web.context.SecurityContextHolderFilter@57e15f2d, org.springframework.security.web.header.HeaderWriterFilter@23c2c96d, org.springframework.web.filter.CorsFilter@456a0e9e, org.springframework.security.web.csrf.CsrfFilter@5c2086b4, org.springframework.security.web.authentication.logout.LogoutFilter@27ebe541, com.smanioto.bank.auth.security.JwtAuthenticationFilter@b14a2c, org.springframework.security.web.savedrequest.RequestCacheAwareFilter@23b81002, org.springframework.security.web.servletapi.SecurityContextHolderAwareRequestFilter@16043cb9, org.springframework.security.web.authentication.AnonymousAuthenticationFilter@ea2f3a, org.springframework.security.web.session.SessionManagementFilter@fac6d4a, org.springframework.security.web.access.ExceptionTranslationFilter@31a8b0bb, org.springframework.security.web.access.intercept.AuthorizationFilter@73e6d475]
2026-06-02T21:25:46.266-03:00  INFO 7979 --- [           main] o.s.b.t.m.w.SpringBootMockServletContext : Initializing Spring TestDispatcherServlet ''
2026-06-02T21:25:46.266-03:00  INFO 7979 --- [           main] o.s.t.web.servlet.TestDispatcherServlet  : Initializing Servlet ''
2026-06-02T21:25:46.266-03:00  INFO 7979 --- [           main] o.s.t.web.servlet.TestDispatcherServlet  : Completed initialization in 0 ms
2026-06-02T21:25:46.281-03:00  INFO 7979 --- [           main] c.s.b.a.controller.AuthControllerTest    : Started AuthControllerTest in 1.436 seconds (process running for 14.616)
2026-06-02T21:25:46.340-03:00  INFO 7979 --- [           main] j.LocalContainerEntityManagerFactoryBean : Closing JPA EntityManagerFactory for persistence unit 'default'
2026-06-02T21:25:46.343-03:00  INFO 7979 --- [           main] com.zaxxer.hikari.HikariDataSource       : HikariPool-3 - Shutdown initiated...
2026-06-02T21:25:46.346-03:00  INFO 7979 --- [           main] com.zaxxer.hikari.HikariDataSource       : HikariPool-3 - Shutdown completed.
]]></system-out>
  </testcase>
</testsuite>