<?xml version="1.0" encoding="UTF-8"?>
<testsuite xmlns:xsi="http://www.w3.org/2001/XMLSchema-instance" xsi:noNamespaceSchemaLocation="https://maven.apache.org/surefire/maven-surefire-plugin/xsd/surefire-test-report-3.0.xsd" version="3.0" name="com.smanioto.bank.auth.controller.AuthControllerTest" time="9.117" tests="3" errors="0" skipped="0" failures="0">
  <properties>
[...]
</properties>
  <testcase name="shouldRegisterAndLoginSuccessfully" classname="com.smanioto.bank.auth.controller.AuthControllerTest" time="1.746">
    <system-out><![CDATA[02:56:49.390 [main] INFO org.springframework.test.context.support.AnnotationConfigContextLoaderUtils -- Could not detect default configuration classes for test class [com.smanioto.bank.auth.controller.AuthControllerTest]: AuthControllerTest does not declare any static, non-private, non-final, nested classes annotated with @Configuration.
02:56:49.543 [main] INFO org.springframework.boot.test.context.SpringBootTestContextBootstrapper -- Found @SpringBootConfiguration com.smanioto.bank.auth.AuthServiceApplication for test class com.smanioto.bank.auth.controller.AuthControllerTest
  .   ____          _            __ _ _
 /\\ / ___'_ __ _ _(_)_ __  __ _ \ \ \ \
( ( )\___ | '_ | '_| | '_ \/ _` | \ \ \ \
 \\/  ___)| |_)| | | | | || (_| |  ) ) ) )
  '  |____| .__|_| |_|_| |_\__, | / / / /
 =========|_|==============|___/=/_/_/_/

 :: Spring Boot ::                (v3.3.0)

2026-06-01T02:56:50.044Z  INFO 6939 --- [           main] c.s.b.a.controller.AuthControllerTest    : Starting AuthControllerTest using Java 17.0.19 with PID 6939 (started by runner in /tmp/workspace/danielsmanioto/smanioto-bank/services/auth-service)
2026-06-01T02:56:50.047Z  INFO 6939 --- [           main] c.s.b.a.controller.AuthControllerTest    : No active profile set, falling back to 1 default profile: "default"
2026-06-01T02:56:51.165Z  INFO 6939 --- [           main] .s.d.r.c.RepositoryConfigurationDelegate : Bootstrapping Spring Data JPA repositories in DEFAULT mode.
2026-06-01T02:56:51.226Z  INFO 6939 --- [           main] .s.d.r.c.RepositoryConfigurationDelegate : Finished Spring Data repository scanning in 54 ms. Found 1 JPA repository interface.
2026-06-01T02:56:51.873Z  INFO 6939 --- [           main] com.zaxxer.hikari.HikariDataSource       : HikariPool-1 - Starting...
2026-06-01T02:56:52.048Z  INFO 6939 --- [           main] com.zaxxer.hikari.pool.HikariPool        : HikariPool-1 - Added connection conn0: url=jdbc:h2:mem:6ae42070-15da-46a9-ba20-6683dfd708a0 user=SA
2026-06-01T02:56:52.049Z  INFO 6939 --- [           main] com.zaxxer.hikari.HikariDataSource       : HikariPool-1 - Start completed.
2026-06-01T02:56:52.139Z  INFO 6939 --- [           main] o.hibernate.jpa.internal.util.LogHelper  : HHH000204: Processing PersistenceUnitInfo [name: default]
2026-06-01T02:56:52.186Z  INFO 6939 --- [           main] org.hibernate.Version                    : HHH000412: Hibernate ORM core version 6.5.2.Final
2026-06-01T02:56:52.217Z  INFO 6939 --- [           main] o.h.c.internal.RegionFactoryInitiator    : HHH000026: Second-level cache disabled
2026-06-01T02:56:52.499Z  INFO 6939 --- [           main] o.s.o.j.p.SpringPersistenceUnitInfo      : No LoadTimeWeaver setup: ignoring JPA class transformer
2026-06-01T02:56:53.363Z  INFO 6939 --- [           main] o.h.e.t.j.p.i.JtaPlatformInitiator       : HHH000489: No JTA platform available (set 'hibernate.transaction.jta.platform' to enable JTA platform integration)
2026-06-01T02:56:53.397Z  INFO 6939 --- [           main] j.LocalContainerEntityManagerFactoryBean : Initialized JPA EntityManagerFactory for persistence unit 'default'
2026-06-01T02:56:53.721Z  INFO 6939 --- [           main] eAuthenticationProviderManagerConfigurer : Global AuthenticationManager configured with AuthenticationProvider bean with name authenticationProvider
2026-06-01T02:56:53.721Z  WARN 6939 --- [           main] r$InitializeUserDetailsManagerConfigurer : Global AuthenticationManager configured with an AuthenticationProvider bean. UserDetailsService beans will not be used for username/password login. Consider removing the AuthenticationProvider bean. Alternatively, consider using the UserDetailsService in a manually instantiated DaoAuthenticationProvider.
2026-06-01T02:56:53.808Z  WARN 6939 --- [           main] JpaBaseConfiguration$JpaWebConfiguration : spring.jpa.open-in-view is enabled by default. Therefore, database queries may be performed during view rendering. Explicitly configure spring.jpa.open-in-view to disable this warning
2026-06-01T02:56:54.165Z  INFO 6939 --- [           main] o.s.s.web.DefaultSecurityFilterChain     : Will secure any request with [org.springframework.security.web.session.DisableEncodeUrlFilter@1e4b9592, org.springframework.security.web.context.request.async.WebAsyncManagerIntegrationFilter@438a65a7, org.springframework.security.web.context.SecurityContextHolderFilter@2cdb53d6, org.springframework.security.web.header.HeaderWriterFilter@436d2bb9, org.springframework.web.filter.CorsFilter@543c887, org.springframework.security.web.csrf.CsrfFilter@7e5c8c80, org.springframework.security.web.authentication.logout.LogoutFilter@3fb42ec7, com.smanioto.bank.auth.security.JwtAuthenticationFilter@3fd21272, org.springframework.security.web.savedrequest.RequestCacheAwareFilter@397bd46b, org.springframework.security.web.servletapi.SecurityContextHolderAwareRequestFilter@54f62ac6, org.springframework.security.web.authentication.AnonymousAuthenticationFilter@75f446df, org.springframework.security.web.session.SessionManagementFilter@442151d1, org.springframework.security.web.access.ExceptionTranslationFilter@20608ef4, org.springframework.security.web.access.intercept.AuthorizationFilter@5a20f793]
2026-06-01T02:56:54.565Z  INFO 6939 --- [           main] o.s.b.t.m.w.SpringBootMockServletContext : Initializing Spring TestDispatcherServlet ''
2026-06-01T02:56:54.565Z  INFO 6939 --- [           main] o.s.t.web.servlet.TestDispatcherServlet  : Initializing Servlet ''
2026-06-01T02:56:54.567Z  INFO 6939 --- [           main] o.s.t.web.servlet.TestDispatcherServlet  : Completed initialization in 1 ms
2026-06-01T02:56:54.595Z  INFO 6939 --- [           main] c.s.b.a.controller.AuthControllerTest    : Started AuthControllerTest in 4.879 seconds (process running for 6.103)
2026-06-01T02:56:56.337Z  INFO 6939 --- [           main] j.LocalContainerEntityManagerFactoryBean : Closing JPA EntityManagerFactory for persistence unit 'default'
2026-06-01T02:56:56.344Z  INFO 6939 --- [           main] com.zaxxer.hikari.HikariDataSource       : HikariPool-1 - Shutdown initiated...
2026-06-01T02:56:56.348Z  INFO 6939 --- [           main] com.zaxxer.hikari.HikariDataSource       : HikariPool-1 - Shutdown completed.
]]></system-out>
  </testcase>
  <testcase name="shouldRejectInvalidCredentials" classname="com.smanioto.bank.auth.controller.AuthControllerTest" time="0.311">
    <system-out><![CDATA[  .   ____          _            __ _ _
 /\\ / ___'_ __ _ _(_)_ __  __ _ \ \ \ \
( ( )\___ | '_ | '_| | '_ \/ _` | \ \ \ \
 \\/  ___)| |_)| | | | | || (_| |  ) ) ) )
  '  |____| .__|_| |_|_| |_\__, | / / / /
 =========|_|==============|___/=/_/_/_/

 :: Spring Boot ::                (v3.3.0)

2026-06-01T02:56:56.415Z  INFO 6939 --- [           main] c.s.b.a.controller.AuthControllerTest    : Starting AuthControllerTest using Java 17.0.19 with PID 6939 (started by runner in /tmp/workspace/danielsmanioto/smanioto-bank/services/auth-service)
2026-06-01T02:56:56.415Z  INFO 6939 --- [           main] c.s.b.a.controller.AuthControllerTest    : No active profile set, falling back to 1 default profile: "default"
2026-06-01T02:56:56.627Z  INFO 6939 --- [           main] .s.d.r.c.RepositoryConfigurationDelegate : Bootstrapping Spring Data JPA repositories in DEFAULT mode.
2026-06-01T02:56:56.636Z  INFO 6939 --- [           main] .s.d.r.c.RepositoryConfigurationDelegate : Finished Spring Data repository scanning in 8 ms. Found 1 JPA repository interface.
2026-06-01T02:56:56.751Z  INFO 6939 --- [           main] com.zaxxer.hikari.HikariDataSource       : HikariPool-2 - Starting...
2026-06-01T02:56:56.756Z  INFO 6939 --- [           main] com.zaxxer.hikari.pool.HikariPool        : HikariPool-2 - Added connection conn10: url=jdbc:h2:mem:2935968f-51b3-46bc-90ce-a45ae017d2c4 user=SA
2026-06-01T02:56:56.757Z  INFO 6939 --- [           main] com.zaxxer.hikari.HikariDataSource       : HikariPool-2 - Start completed.
2026-06-01T02:56:56.758Z  INFO 6939 --- [           main] o.hibernate.jpa.internal.util.LogHelper  : HHH000204: Processing PersistenceUnitInfo [name: default]
2026-06-01T02:56:56.762Z  INFO 6939 --- [           main] o.h.c.internal.RegionFactoryInitiator    : HHH000026: Second-level cache disabled
2026-06-01T02:56:56.782Z  INFO 6939 --- [           main] o.s.o.j.p.SpringPersistenceUnitInfo      : No LoadTimeWeaver setup: ignoring JPA class transformer
2026-06-01T02:56:56.842Z  INFO 6939 --- [           main] o.h.e.t.j.p.i.JtaPlatformInitiator       : HHH000489: No JTA platform available (set 'hibernate.transaction.jta.platform' to enable JTA platform integration)
2026-06-01T02:56:56.846Z  INFO 6939 --- [           main] j.LocalContainerEntityManagerFactoryBean : Initialized JPA EntityManagerFactory for persistence unit 'default'
2026-06-01T02:56:56.903Z  INFO 6939 --- [           main] eAuthenticationProviderManagerConfigurer : Global AuthenticationManager configured with AuthenticationProvider bean with name authenticationProvider
2026-06-01T02:56:56.904Z  WARN 6939 --- [           main] r$InitializeUserDetailsManagerConfigurer : Global AuthenticationManager configured with an AuthenticationProvider bean. UserDetailsService beans will not be used for username/password login. Consider removing the AuthenticationProvider bean. Alternatively, consider using the UserDetailsService in a manually instantiated DaoAuthenticationProvider.
2026-06-01T02:56:56.927Z  WARN 6939 --- [           main] JpaBaseConfiguration$JpaWebConfiguration : spring.jpa.open-in-view is enabled by default. Therefore, database queries may be performed during view rendering. Explicitly configure spring.jpa.open-in-view to disable this warning
2026-06-01T02:56:57.025Z  INFO 6939 --- [           main] o.s.s.web.DefaultSecurityFilterChain     : Will secure any request with [org.springframework.security.web.session.DisableEncodeUrlFilter@233b5c71, org.springframework.security.web.context.request.async.WebAsyncManagerIntegrationFilter@1e7edfb2, org.springframework.security.web.context.SecurityContextHolderFilter@c1765ad, org.springframework.security.web.header.HeaderWriterFilter@12eb281f, org.springframework.web.filter.CorsFilter@6d26b068, org.springframework.security.web.csrf.CsrfFilter@106f566b, org.springframework.security.web.authentication.logout.LogoutFilter@8c6a7db, com.smanioto.bank.auth.security.JwtAuthenticationFilter@3a4ddaed, org.springframework.security.web.savedrequest.RequestCacheAwareFilter@1fb947f6, org.springframework.security.web.servletapi.SecurityContextHolderAwareRequestFilter@54d93fce, org.springframework.security.web.authentication.AnonymousAuthenticationFilter@50931911, org.springframework.security.web.session.SessionManagementFilter@6621ab0c, org.springframework.security.web.access.ExceptionTranslationFilter@6e8fa647, org.springframework.security.web.access.intercept.AuthorizationFilter@40afa4f1]
2026-06-01T02:56:57.154Z  INFO 6939 --- [           main] o.s.b.t.m.w.SpringBootMockServletContext : Initializing Spring TestDispatcherServlet ''
2026-06-01T02:56:57.154Z  INFO 6939 --- [           main] o.s.t.web.servlet.TestDispatcherServlet  : Initializing Servlet ''
2026-06-01T02:56:57.155Z  INFO 6939 --- [           main] o.s.t.web.servlet.TestDispatcherServlet  : Completed initialization in 1 ms
2026-06-01T02:56:57.170Z  INFO 6939 --- [           main] c.s.b.a.controller.AuthControllerTest    : Started AuthControllerTest in 0.806 seconds (process running for 8.679)
2026-06-01T02:56:57.480Z  INFO 6939 --- [           main] j.LocalContainerEntityManagerFactoryBean : Closing JPA EntityManagerFactory for persistence unit 'default'
2026-06-01T02:56:57.482Z  INFO 6939 --- [           main] com.zaxxer.hikari.HikariDataSource       : HikariPool-2 - Shutdown initiated...
2026-06-01T02:56:57.484Z  INFO 6939 --- [           main] com.zaxxer.hikari.HikariDataSource       : HikariPool-2 - Shutdown completed.
]]></system-out>
  </testcase>
  <testcase name="shouldBlockProtectedRouteWithoutToken" classname="com.smanioto.bank.auth.controller.AuthControllerTest" time="0.031">
    <system-out><![CDATA[  .   ____          _            __ _ _
 /\\ / ___'_ __ _ _(_)_ __  __ _ \ \ \ \
( ( )\___ | '_ | '_| | '_ \/ _` | \ \ \ \
 \\/  ___)| |_)| | | | | || (_| |  ) ) ) )
  '  |____| .__|_| |_|_| |_\__, | / / / /
 =========|_|==============|___/=/_/_/_/

 :: Spring Boot ::                (v3.3.0)

2026-06-01T02:56:57.529Z  INFO 6939 --- [           main] c.s.b.a.controller.AuthControllerTest    : Starting AuthControllerTest using Java 17.0.19 with PID 6939 (started by runner in /tmp/workspace/danielsmanioto/smanioto-bank/services/auth-service)
2026-06-01T02:56:57.530Z  INFO 6939 --- [           main] c.s.b.a.controller.AuthControllerTest    : No active profile set, falling back to 1 default profile: "default"
2026-06-01T02:56:57.740Z  INFO 6939 --- [           main] .s.d.r.c.RepositoryConfigurationDelegate : Bootstrapping Spring Data JPA repositories in DEFAULT mode.
2026-06-01T02:56:57.753Z  INFO 6939 --- [           main] .s.d.r.c.RepositoryConfigurationDelegate : Finished Spring Data repository scanning in 11 ms. Found 1 JPA repository interface.
2026-06-01T02:56:57.867Z  INFO 6939 --- [           main] com.zaxxer.hikari.HikariDataSource       : HikariPool-3 - Starting...
2026-06-01T02:56:57.872Z  INFO 6939 --- [           main] com.zaxxer.hikari.pool.HikariPool        : HikariPool-3 - Added connection conn20: url=jdbc:h2:mem:84fa88d5-766d-40a6-a34e-20a76adc3d6a user=SA
2026-06-01T02:56:57.873Z  INFO 6939 --- [           main] com.zaxxer.hikari.HikariDataSource       : HikariPool-3 - Start completed.
2026-06-01T02:56:57.874Z  INFO 6939 --- [           main] o.hibernate.jpa.internal.util.LogHelper  : HHH000204: Processing PersistenceUnitInfo [name: default]
2026-06-01T02:56:57.878Z  INFO 6939 --- [           main] o.h.c.internal.RegionFactoryInitiator    : HHH000026: Second-level cache disabled
2026-06-01T02:56:57.890Z  INFO 6939 --- [           main] o.s.o.j.p.SpringPersistenceUnitInfo      : No LoadTimeWeaver setup: ignoring JPA class transformer
2026-06-01T02:56:57.941Z  INFO 6939 --- [           main] o.h.e.t.j.p.i.JtaPlatformInitiator       : HHH000489: No JTA platform available (set 'hibernate.transaction.jta.platform' to enable JTA platform integration)
2026-06-01T02:56:57.944Z  INFO 6939 --- [           main] j.LocalContainerEntityManagerFactoryBean : Initialized JPA EntityManagerFactory for persistence unit 'default'
2026-06-01T02:56:57.990Z  INFO 6939 --- [           main] eAuthenticationProviderManagerConfigurer : Global AuthenticationManager configured with AuthenticationProvider bean with name authenticationProvider
2026-06-01T02:56:57.990Z  WARN 6939 --- [           main] r$InitializeUserDetailsManagerConfigurer : Global AuthenticationManager configured with an AuthenticationProvider bean. UserDetailsService beans will not be used for username/password login. Consider removing the AuthenticationProvider bean. Alternatively, consider using the UserDetailsService in a manually instantiated DaoAuthenticationProvider.
2026-06-01T02:56:58.011Z  WARN 6939 --- [           main] JpaBaseConfiguration$JpaWebConfiguration : spring.jpa.open-in-view is enabled by default. Therefore, database queries may be performed during view rendering. Explicitly configure spring.jpa.open-in-view to disable this warning
2026-06-01T02:56:58.119Z  INFO 6939 --- [           main] o.s.s.web.DefaultSecurityFilterChain     : Will secure any request with [org.springframework.security.web.session.DisableEncodeUrlFilter@11581810, org.springframework.security.web.context.request.async.WebAsyncManagerIntegrationFilter@49f8b57d, org.springframework.security.web.context.SecurityContextHolderFilter@78d816e6, org.springframework.security.web.header.HeaderWriterFilter@4b98900b, org.springframework.web.filter.CorsFilter@4b6b9255, org.springframework.security.web.csrf.CsrfFilter@7265db9d, org.springframework.security.web.authentication.logout.LogoutFilter@7a845f91, com.smanioto.bank.auth.security.JwtAuthenticationFilter@1e299e3f, org.springframework.security.web.savedrequest.RequestCacheAwareFilter@5775485, org.springframework.security.web.servletapi.SecurityContextHolderAwareRequestFilter@ae094e8, org.springframework.security.web.authentication.AnonymousAuthenticationFilter@bafb3bd, org.springframework.security.web.session.SessionManagementFilter@24bd88df, org.springframework.security.web.access.ExceptionTranslationFilter@34692767, org.springframework.security.web.access.intercept.AuthorizationFilter@4b2164a9]
2026-06-01T02:56:58.230Z  INFO 6939 --- [           main] o.s.b.t.m.w.SpringBootMockServletContext : Initializing Spring TestDispatcherServlet ''
2026-06-01T02:56:58.231Z  INFO 6939 --- [           main] o.s.t.web.servlet.TestDispatcherServlet  : Initializing Servlet ''
2026-06-01T02:56:58.231Z  INFO 6939 --- [           main] o.s.t.web.servlet.TestDispatcherServlet  : Completed initialization in 0 ms
2026-06-01T02:56:58.241Z  INFO 6939 --- [           main] c.s.b.a.controller.AuthControllerTest    : Started AuthControllerTest in 0.753 seconds (process running for 9.75)
2026-06-01T02:56:58.253Z  INFO 6939 --- [           main] j.LocalContainerEntityManagerFactoryBean : Closing JPA EntityManagerFactory for persistence unit 'default'
2026-06-01T02:56:58.255Z  INFO 6939 --- [           main] com.zaxxer.hikari.HikariDataSource       : HikariPool-3 - Shutdown initiated...
2026-06-01T02:56:58.275Z  INFO 6939 --- [           main] com.zaxxer.hikari.HikariDataSource       : HikariPool-3 - Shutdown completed.
]]></system-out>
  </testcase>
</testsuite>